<?xml version="1.0" encoding="UTF-8"?>
<!-- Generated by org.testng.reporters.JUnitXMLReporter -->
<testsuite ignored="0" hostname="hp" failures="1" tests="5" name="FirefoxTest" time="126.673" errors="0" timestamp="2022-02-16T12:53:06 IST">
  <testcase classname="TestCasePack.TestNG_Class_101" name="@AfterMethod logoutFromApplication" time="9.991">
    <failure type="org.openqa.selenium.WebDriverException" message="[Exception... &amp;quot;Data conversion failed because significant data would be lost&amp;quot;  nsresult: &amp;quot;0x80460003 (NS_ERROR_LOSS_OF_SIGNIFICANT_DATA)&amp;quot;  location: &amp;quot;&amp;lt;unknown&amp;gt;&amp;quot;  data: no]
Build info: version: &amp;apos;3.141.59&amp;apos;, revision: &amp;apos;e82be7d358&amp;apos;, time: &amp;apos;2018-11-14T08:17:03&amp;apos;
System info: host: &amp;apos;HP&amp;apos;, ip: &amp;apos;192.168.110.176&amp;apos;, os.name: &amp;apos;Windows 8&amp;apos;, os.arch: &amp;apos;amd64&amp;apos;, os.version: &amp;apos;6.2&amp;apos;, java.version: &amp;apos;17.0.1&amp;apos;
Driver info: org.openqa.selenium.firefox.FirefoxDriver
Capabilities {acceptInsecureCerts: true, browserName: firefox, browserVersion: 97.0, javascriptEnabled: true, moz:accessibilityChecks: false, moz:buildID: 20220202182137, moz:geckodriverVersion: 0.30.0, moz:headless: false, moz:processID: 7176, moz:profile: C:\Users\hp-pc\AppData\Loca..., moz:shutdownTimeout: 60000, moz:useNonSpecCompliantPointerOrigin: false, moz:webdriverClick: true, pageLoadStrategy: normal, platform: WINDOWS, platformName: WINDOWS, platformVersion: 6.2, proxy: Proxy(), setWindowRect: true, strictFileInteractability: false, timeouts: {implicit: 0, pageLoad: 300000, script: 30000}, unhandledPromptBehavior: dismiss and notify}
Session ID: 450e11eb-f329-4ca4-8f8b-78f218a1852e">
      <![CDATA[org.openqa.selenium.WebDriverException: [Exception... "Data conversion failed because significant data would be lost"  nsresult: "0x80460003 (NS_ERROR_LOSS_OF_SIGNIFICANT_DATA)"  location: "<unknown>"  data: no]
Build info: version: '3.141.59', revision: 'e82be7d358', time: '2018-11-14T08:17:03'
System info: host: 'HP', ip: '192.168.110.176', os.name: 'Windows 8', os.arch: 'amd64', os.version: '6.2', java.version: '17.0.1'
Driver info: org.openqa.selenium.firefox.FirefoxDriver
Capabilities {acceptInsecureCerts: true, browserName: firefox, browserVersion: 97.0, javascriptEnabled: true, moz:accessibilityChecks: false, moz:buildID: 20220202182137, moz:geckodriverVersion: 0.30.0, moz:headless: false, moz:processID: 7176, moz:profile: C:\Users\hp-pc\AppData\Loca..., moz:shutdownTimeout: 60000, moz:useNonSpecCompliantPointerOrigin: false, moz:webdriverClick: true, pageLoadStrategy: normal, platform: WINDOWS, platformName: WINDOWS, platformVersion: 6.2, proxy: Proxy(), setWindowRect: true, strictFileInteractability: false, timeouts: {implicit: 0, pageLoad: 300000, script: 30000}, unhandledPromptBehavior: dismiss and notify}
Session ID: 450e11eb-f329-4ca4-8f8b-78f218a1852e
at org.openqa.selenium.remote.http.W3CHttpResponseCodec.createException(W3CHttpResponseCodec.java:187)
at org.openqa.selenium.remote.http.W3CHttpResponseCodec.decode(W3CHttpResponseCodec.java:122)
at org.openqa.selenium.remote.http.W3CHttpResponseCodec.decode(W3CHttpResponseCodec.java:49)
at org.openqa.selenium.remote.HttpCommandExecutor.execute(HttpCommandExecutor.java:158)
at org.openqa.selenium.remote.service.DriverCommandExecutor.execute(DriverCommandExecutor.java:83)
at org.openqa.selenium.remote.RemoteWebDriver.execute(RemoteWebDriver.java:552)
at org.openqa.selenium.remote.RemoteWebDriver.execute(RemoteWebDriver.java:609)
at org.openqa.selenium.remote.RemoteWebDriver.getScreenshotAs(RemoteWebDriver.java:295)
at utils.Utility.captureScrrenshot(Utility.java:25)
at TestCasePack.TestNG_Class_101.logoutFromApplication(TestNG_Class_101.java:191)
at java.base/java.util.concurrent.ThreadPoolExecutor.runWorker(ThreadPoolExecutor.java:1136)
at java.base/java.util.concurrent.ThreadPoolExecutor$Worker.run(ThreadPoolExecutor.java:635)
at java.base/java.lang.Thread.run(Thread.java:833)
... Removed 22 stack frames]]>
    </failure>
  </testcase> <!-- @AfterMethod logoutFromApplication -->
  <testcase classname="TestCasePack.TestNG_Class_101" name="@BeforeMethod loginToApplication" time="-1.644996152725E9">
    <skipped/>
  </testcase> <!-- @BeforeMethod loginToApplication -->
  <testcase classname="TestCasePack.TestNG_Class_101" name="@AfterMethod logoutFromApplication" time="-1.644996152883E9">
    <skipped/>
  </testcase> <!-- @AfterMethod logoutFromApplication -->
  <testcase classname="TestCasePack.TestNG_Class_101" name="@BeforeMethod loginToApplication" time="-1.644996152936E9">
    <skipped/>
  </testcase> <!-- @BeforeMethod loginToApplication -->
  <testcase classname="TestCasePack.TestNG_Class_101" name="@AfterMethod logoutFromApplication" time="-1.644996153002E9">
    <skipped/>
  </testcase> <!-- @AfterMethod logoutFromApplication -->
  <testcase classname="TestCasePack.TestNG_Class_101" name="@AfterClass clearPOMObject" time="-1.644996153009E9">
    <skipped/>
  </testcase> <!-- @AfterClass clearPOMObject -->
  <testcase classname="TestCasePack.TestNG_Class_101" name="@AfterTest closedBrowser" time="-1.644996186754E9">
    <skipped/>
  </testcase> <!-- @AfterTest closedBrowser -->
  <testcase classname="TestCasePack.TestNG_Class_102" name="@AfterTest closedBrowser" time="-1.644996186766E9">
    <skipped/>
  </testcase> <!-- @AfterTest closedBrowser -->
  <testcase classname="TestCasePack.TestNG_Class_101" name="toVerifyTimeTrackPage" time="1.284">
    <failure type="java.lang.AssertionError" message="expected [http://localhost/user/submit_tt.do] but found [http://localhost/login.do]">
      <![CDATA[java.lang.AssertionError: expected [http://localhost/user/submit_tt.do] but found [http://localhost/login.do]
at TestCasePack.TestNG_Class_101.toVerifyTimeTrackPage(TestNG_Class_101.java:105)
at java.base/java.util.concurrent.ThreadPoolExecutor.runWorker(ThreadPoolExecutor.java:1136)
at java.base/java.util.concurrent.ThreadPoolExecutor$Worker.run(ThreadPoolExecutor.java:635)
at java.base/java.lang.Thread.run(Thread.java:833)
... Removed 18 stack frames]]>
    </failure>
  </testcase> <!-- toVerifyTimeTrackPage -->
  <testcase classname="TestCasePack.TestNG_Class_101" name="toVerifyTasksPage" time="0.0">
    <skipped/>
  </testcase> <!-- toVerifyTasksPage -->
  <testcase classname="TestCasePack.TestNG_Class_101" name="toVerifyReportsPage" time="0.0">
    <skipped/>
  </testcase> <!-- toVerifyReportsPage -->
  <testcase classname="TestCasePack.TestNG_Class_102" name="toVerifyUsersPage" time="24.233"/>
  <testcase classname="TestCasePack.TestNG_Class_102" name="toVerifyWorkSchedulePage" time="5.943"/>
</testsuite> <!-- FirefoxTest -->
